{"/Users/budi.injo/Documents/work/TL/github/reactprofiler/src/App.js": {"path":"/Users/budi.injo/Documents/work/TL/github/reactprofiler/src/App.js","statementMap":{"0":{"start":{"line":11,"column":28},"end":{"line":11,"column":47}},"1":{"start":{"line":13,"column":21},"end":{"line":16,"column":5}},"2":{"start":{"line":14,"column":26},"end":{"line":14,"column":47}},"3":{"start":{"line":15,"column":8},"end":{"line":15,"column":26}},"4":{"start":{"line":18,"column":21},"end":{"line":23,"column":8}},"5":{"start":{"line":19,"column":8},"end":{"line":20,"column":20}},"6":{"start":{"line":20,"column":12},"end":{"line":20,"column":20}},"7":{"start":{"line":22,"column":8},"end":{"line":22,"column":39}},"8":{"start":{"line":25,"column":16},"end":{"line":50,"column":5}},"9":{"start":{"line":28,"column":12},"end":{"line":28,"column":17}},"10":{"start":{"line":29,"column":26},"end":{"line":29,"column":83}},"11":{"start":{"line":30,"column":27},"end":{"line":39,"column":24}},"12":{"start":{"line":32,"column":16},"end":{"line":34,"column":17}},"13":{"start":{"line":33,"column":20},"end":{"line":33,"column":33}},"14":{"start":{"line":36,"column":31},"end":{"line":36,"column":57}},"15":{"start":{"line":37,"column":16},"end":{"line":37,"column":113}},"16":{"start":{"line":42,"column":8},"end":{"line":49,"column":10}},"17":{"start":{"line":53,"column":20},"end":{"line":72,"column":5}},"18":{"start":{"line":54,"column":8},"end":{"line":71,"column":11}},"19":{"start":{"line":60,"column":20},"end":{"line":68,"column":27}},"20":{"start":{"line":75,"column":4},"end":{"line":83,"column":6}}},"fnMap":{"0":{"name":"App","decl":{"start":{"line":10,"column":9},"end":{"line":10,"column":12}},"loc":{"start":{"line":10,"column":15},"end":{"line":84,"column":1}},"line":10},"1":{"name":"(anonymous_1)","decl":{"start":{"line":13,"column":21},"end":{"line":13,"column":22}},"loc":{"start":{"line":13,"column":33},"end":{"line":16,"column":5}},"line":13},"2":{"name":"(anonymous_2)","decl":{"start":{"line":18,"column":22},"end":{"line":18,"column":23}},"loc":{"start":{"line":18,"column":28},"end":{"line":23,"column":5}},"line":18},"3":{"name":"(anonymous_3)","decl":{"start":{"line":25,"column":16},"end":{"line":25,"column":17}},"loc":{"start":{"line":25,"column":27},"end":{"line":50,"column":5}},"line":25},"4":{"name":"(anonymous_4)","decl":{"start":{"line":31,"column":13},"end":{"line":31,"column":14}},"loc":{"start":{"line":31,"column":19},"end":{"line":39,"column":13}},"line":31},"5":{"name":"(anonymous_5)","decl":{"start":{"line":53,"column":20},"end":{"line":53,"column":21}},"loc":{"start":{"line":54,"column":8},"end":{"line":71,"column":11}},"line":54},"6":{"name":"(anonymous_6)","decl":{"start":{"line":59,"column":17},"end":{"line":59,"column":18}},"loc":{"start":{"line":60,"column":20},"end":{"line":68,"column":27}},"line":60}},"branchMap":{"0":{"loc":{"start":{"line":19,"column":8},"end":{"line":20,"column":20}},"type":"if","locations":[{"start":{"line":19,"column":8},"end":{"line":20,"column":20}},{"start":{"line":19,"column":8},"end":{"line":20,"column":20}}],"line":19},"1":{"loc":{"start":{"line":29,"column":26},"end":{"line":29,"column":83}},"type":"cond-expr","locations":[{"start":{"line":29,"column":47},"end":{"line":29,"column":71}},{"start":{"line":29,"column":74},"end":{"line":29,"column":83}}],"line":29},"2":{"loc":{"start":{"line":30,"column":27},"end":{"line":39,"column":24}},"type":"cond-expr","locations":[{"start":{"line":31,"column":12},"end":{"line":39,"column":16}},{"start":{"line":39,"column":19},"end":{"line":39,"column":24}}],"line":30},"3":{"loc":{"start":{"line":32,"column":16},"end":{"line":34,"column":17}},"type":"if","locations":[{"start":{"line":32,"column":16},"end":{"line":34,"column":17}},{"start":{"line":32,"column":16},"end":{"line":34,"column":17}}],"line":32},"4":{"loc":{"start":{"line":44,"column":27},"end":{"line":44,"column":69}},"type":"cond-expr","locations":[{"start":{"line":44,"column":39},"end":{"line":44,"column":52}},{"start":{"line":44,"column":55},"end":{"line":44,"column":69}}],"line":44},"5":{"loc":{"start":{"line":56,"column":16},"end":{"line":56,"column":84}},"type":"binary-expr","locations":[{"start":{"line":56,"column":16},"end":{"line":56,"column":20}},{"start":{"line":56,"column":25},"end":{"line":56,"column":83}}],"line":56}},"s":{"0":3,"1":3,"2":1,"3":1,"4":3,"5":3,"6":2,"7":1,"8":3,"9":0,"10":0,"11":0,"12":0,"13":0,"14":0,"15":0,"16":0,"17":3,"18":3,"19":0,"20":3},"f":{"0":3,"1":1,"2":3,"3":0,"4":0,"5":3,"6":0},"b":{"0":[2,1],"1":[0,0],"2":[0,0],"3":[0,0],"4":[0,0],"5":[3,1]},"_coverageSchema":"43e27e138ebf9cfc5966b082cf9a028302ed4184","hash":"2bb4e387acd51760cfe484522dedcc4de318ea05"}
,"/Users/budi.injo/Documents/work/TL/github/reactprofiler/src/index.js": {"path":"/Users/budi.injo/Documents/work/TL/github/reactprofiler/src/index.js","statementMap":{"0":{"start":{"line":8,"column":0},"end":{"line":11,"column":2}},"1":{"start":{"line":16,"column":0},"end":{"line":16,"column":27}}},"fnMap":{},"branchMap":{},"s":{"0":0,"1":0},"f":{},"b":{},"hash":"8d3ed982996c1b69c706dbe831124e6c4726ddec"}
,"/Users/budi.injo/Documents/work/TL/github/reactprofiler/src/serviceWorker.js": {"path":"/Users/budi.injo/Documents/work/TL/github/reactprofiler/src/serviceWorker.js","statementMap":{"0":{"start":{"line":13,"column":20},"end":{"line":21,"column":1}},"1":{"start":{"line":24,"column":2},"end":{"line":54,"column":3}},"2":{"start":{"line":26,"column":22},"end":{"line":26,"column":75}},"3":{"start":{"line":27,"column":4},"end":{"line":32,"column":5}},"4":{"start":{"line":31,"column":6},"end":{"line":31,"column":13}},"5":{"start":{"line":34,"column":4},"end":{"line":53,"column":7}},"6":{"start":{"line":35,"column":20},"end":{"line":35,"column":65}},"7":{"start":{"line":37,"column":6},"end":{"line":52,"column":7}},"8":{"start":{"line":39,"column":8},"end":{"line":39,"column":47}},"9":{"start":{"line":43,"column":8},"end":{"line":48,"column":11}},"10":{"start":{"line":44,"column":10},"end":{"line":47,"column":12}},"11":{"start":{"line":51,"column":8},"end":{"line":51,"column":39}},"12":{"start":{"line":58,"column":2},"end":{"line":98,"column":7}},"13":{"start":{"line":61,"column":6},"end":{"line":94,"column":8}},"14":{"start":{"line":62,"column":33},"end":{"line":62,"column":56}},"15":{"start":{"line":63,"column":8},"end":{"line":65,"column":9}},"16":{"start":{"line":64,"column":10},"end":{"line":64,"column":17}},"17":{"start":{"line":66,"column":8},"end":{"line":93,"column":10}},"18":{"start":{"line":67,"column":10},"end":{"line":92,"column":11}},"19":{"start":{"line":68,"column":12},"end":{"line":91,"column":13}},"20":{"start":{"line":72,"column":14},"end":{"line":75,"column":16}},"21":{"start":{"line":78,"column":14},"end":{"line":80,"column":15}},"22":{"start":{"line":79,"column":16},"end":{"line":79,"column":46}},"23":{"start":{"line":85,"column":14},"end":{"line":85,"column":64}},"24":{"start":{"line":88,"column":14},"end":{"line":90,"column":15}},"25":{"start":{"line":89,"column":16},"end":{"line":89,"column":47}},"26":{"start":{"line":97,"column":6},"end":{"line":97,"column":72}},"27":{"start":{"line":103,"column":2},"end":{"line":128,"column":7}},"28":{"start":{"line":108,"column":26},"end":{"line":108,"column":62}},"29":{"start":{"line":109,"column":6},"end":{"line":122,"column":7}},"30":{"start":{"line":114,"column":8},"end":{"line":118,"column":11}},"31":{"start":{"line":115,"column":10},"end":{"line":117,"column":13}},"32":{"start":{"line":116,"column":12},"end":{"line":116,"column":37}},"33":{"start":{"line":121,"column":8},"end":{"line":121,"column":39}},"34":{"start":{"line":125,"column":6},"end":{"line":127,"column":8}},"35":{"start":{"line":132,"column":2},"end":{"line":140,"column":3}},"36":{"start":{"line":133,"column":4},"end":{"line":139,"column":9}},"37":{"start":{"line":135,"column":8},"end":{"line":135,"column":34}},"38":{"start":{"line":138,"column":8},"end":{"line":138,"column":37}}},"fnMap":{"0":{"name":"register","decl":{"start":{"line":23,"column":16},"end":{"line":23,"column":24}},"loc":{"start":{"line":23,"column":33},"end":{"line":55,"column":1}},"line":23},"1":{"name":"(anonymous_1)","decl":{"start":{"line":34,"column":36},"end":{"line":34,"column":37}},"loc":{"start":{"line":34,"column":42},"end":{"line":53,"column":5}},"line":34},"2":{"name":"(anonymous_2)","decl":{"start":{"line":43,"column":43},"end":{"line":43,"column":44}},"loc":{"start":{"line":43,"column":49},"end":{"line":48,"column":9}},"line":43},"3":{"name":"registerValidSW","decl":{"start":{"line":57,"column":9},"end":{"line":57,"column":24}},"loc":{"start":{"line":57,"column":40},"end":{"line":99,"column":1}},"line":57},"4":{"name":"(anonymous_4)","decl":{"start":{"line":60,"column":10},"end":{"line":60,"column":11}},"loc":{"start":{"line":60,"column":26},"end":{"line":95,"column":5}},"line":60},"5":{"name":"(anonymous_5)","decl":{"start":{"line":61,"column":35},"end":{"line":61,"column":36}},"loc":{"start":{"line":61,"column":41},"end":{"line":94,"column":7}},"line":61},"6":{"name":"(anonymous_6)","decl":{"start":{"line":66,"column":41},"end":{"line":66,"column":42}},"loc":{"start":{"line":66,"column":47},"end":{"line":93,"column":9}},"line":66},"7":{"name":"(anonymous_7)","decl":{"start":{"line":96,"column":11},"end":{"line":96,"column":12}},"loc":{"start":{"line":96,"column":20},"end":{"line":98,"column":5}},"line":96},"8":{"name":"checkValidServiceWorker","decl":{"start":{"line":101,"column":9},"end":{"line":101,"column":32}},"loc":{"start":{"line":101,"column":48},"end":{"line":129,"column":1}},"line":101},"9":{"name":"(anonymous_9)","decl":{"start":{"line":106,"column":10},"end":{"line":106,"column":11}},"loc":{"start":{"line":106,"column":22},"end":{"line":123,"column":5}},"line":106},"10":{"name":"(anonymous_10)","decl":{"start":{"line":114,"column":43},"end":{"line":114,"column":44}},"loc":{"start":{"line":114,"column":59},"end":{"line":118,"column":9}},"line":114},"11":{"name":"(anonymous_11)","decl":{"start":{"line":115,"column":41},"end":{"line":115,"column":42}},"loc":{"start":{"line":115,"column":47},"end":{"line":117,"column":11}},"line":115},"12":{"name":"(anonymous_12)","decl":{"start":{"line":124,"column":11},"end":{"line":124,"column":12}},"loc":{"start":{"line":124,"column":17},"end":{"line":128,"column":5}},"line":124},"13":{"name":"unregister","decl":{"start":{"line":131,"column":16},"end":{"line":131,"column":26}},"loc":{"start":{"line":131,"column":29},"end":{"line":141,"column":1}},"line":131},"14":{"name":"(anonymous_14)","decl":{"start":{"line":134,"column":12},"end":{"line":134,"column":13}},"loc":{"start":{"line":134,"column":28},"end":{"line":136,"column":7}},"line":134},"15":{"name":"(anonymous_15)","decl":{"start":{"line":137,"column":13},"end":{"line":137,"column":14}},"loc":{"start":{"line":137,"column":22},"end":{"line":139,"column":7}},"line":137}},"branchMap":{"0":{"loc":{"start":{"line":14,"column":2},"end":{"line":20,"column":5}},"type":"binary-expr","locations":[{"start":{"line":14,"column":2},"end":{"line":14,"column":42}},{"start":{"line":16,"column":4},"end":{"line":16,"column":40}},{"start":{"line":18,"column":4},"end":{"line":20,"column":5}}],"line":14},"1":{"loc":{"start":{"line":24,"column":2},"end":{"line":54,"column":3}},"type":"if","locations":[{"start":{"line":24,"column":2},"end":{"line":54,"column":3}},{"start":{"line":24,"column":2},"end":{"line":54,"column":3}}],"line":24},"2":{"loc":{"start":{"line":24,"column":6},"end":{"line":24,"column":75}},"type":"binary-expr","locations":[{"start":{"line":24,"column":6},"end":{"line":24,"column":43}},{"start":{"line":24,"column":47},"end":{"line":24,"column":75}}],"line":24},"3":{"loc":{"start":{"line":27,"column":4},"end":{"line":32,"column":5}},"type":"if","locations":[{"start":{"line":27,"column":4},"end":{"line":32,"column":5}},{"start":{"line":27,"column":4},"end":{"line":32,"column":5}}],"line":27},"4":{"loc":{"start":{"line":37,"column":6},"end":{"line":52,"column":7}},"type":"if","locations":[{"start":{"line":37,"column":6},"end":{"line":52,"column":7}},{"start":{"line":37,"column":6},"end":{"line":52,"column":7}}],"line":37},"5":{"loc":{"start":{"line":63,"column":8},"end":{"line":65,"column":9}},"type":"if","locations":[{"start":{"line":63,"column":8},"end":{"line":65,"column":9}},{"start":{"line":63,"column":8},"end":{"line":65,"column":9}}],"line":63},"6":{"loc":{"start":{"line":67,"column":10},"end":{"line":92,"column":11}},"type":"if","locations":[{"start":{"line":67,"column":10},"end":{"line":92,"column":11}},{"start":{"line":67,"column":10},"end":{"line":92,"column":11}}],"line":67},"7":{"loc":{"start":{"line":68,"column":12},"end":{"line":91,"column":13}},"type":"if","locations":[{"start":{"line":68,"column":12},"end":{"line":91,"column":13}},{"start":{"line":68,"column":12},"end":{"line":91,"column":13}}],"line":68},"8":{"loc":{"start":{"line":78,"column":14},"end":{"line":80,"column":15}},"type":"if","locations":[{"start":{"line":78,"column":14},"end":{"line":80,"column":15}},{"start":{"line":78,"column":14},"end":{"line":80,"column":15}}],"line":78},"9":{"loc":{"start":{"line":78,"column":18},"end":{"line":78,"column":43}},"type":"binary-expr","locations":[{"start":{"line":78,"column":18},"end":{"line":78,"column":24}},{"start":{"line":78,"column":28},"end":{"line":78,"column":43}}],"line":78},"10":{"loc":{"start":{"line":88,"column":14},"end":{"line":90,"column":15}},"type":"if","locations":[{"start":{"line":88,"column":14},"end":{"line":90,"column":15}},{"start":{"line":88,"column":14},"end":{"line":90,"column":15}}],"line":88},"11":{"loc":{"start":{"line":88,"column":18},"end":{"line":88,"column":44}},"type":"binary-expr","locations":[{"start":{"line":88,"column":18},"end":{"line":88,"column":24}},{"start":{"line":88,"column":28},"end":{"line":88,"column":44}}],"line":88},"12":{"loc":{"start":{"line":109,"column":6},"end":{"line":122,"column":7}},"type":"if","locations":[{"start":{"line":109,"column":6},"end":{"line":122,"column":7}},{"start":{"line":109,"column":6},"end":{"line":122,"column":7}}],"line":109},"13":{"loc":{"start":{"line":110,"column":8},"end":{"line":111,"column":73}},"type":"binary-expr","locations":[{"start":{"line":110,"column":8},"end":{"line":110,"column":31}},{"start":{"line":111,"column":9},"end":{"line":111,"column":28}},{"start":{"line":111,"column":32},"end":{"line":111,"column":72}}],"line":110},"14":{"loc":{"start":{"line":132,"column":2},"end":{"line":140,"column":3}},"type":"if","locations":[{"start":{"line":132,"column":2},"end":{"line":140,"column":3}},{"start":{"line":132,"column":2},"end":{"line":140,"column":3}}],"line":132}},"s":{"0":0,"1":0,"2":0,"3":0,"4":0,"5":0,"6":0,"7":0,"8":0,"9":0,"10":0,"11":0,"12":0,"13":0,"14":0,"15":0,"16":0,"17":0,"18":0,"19":0,"20":0,"21":0,"22":0,"23":0,"24":0,"25":0,"26":0,"27":0,"28":0,"29":0,"30":0,"31":0,"32":0,"33":0,"34":0,"35":0,"36":0,"37":0,"38":0},"f":{"0":0,"1":0,"2":0,"3":0,"4":0,"5":0,"6":0,"7":0,"8":0,"9":0,"10":0,"11":0,"12":0,"13":0,"14":0,"15":0},"b":{"0":[0,0,0],"1":[0,0],"2":[0,0],"3":[0,0],"4":[0,0],"5":[0,0],"6":[0,0],"7":[0,0],"8":[0,0],"9":[0,0],"10":[0,0],"11":[0,0],"12":[0,0],"13":[0,0,0],"14":[0,0]},"hash":"d8583237b96daba1089e363cd41d153d55c68e49"}
,"/Users/budi.injo/Documents/work/TL/github/reactprofiler/src/component/BaseComponent/Index.js": {"path":"/Users/budi.injo/Documents/work/TL/github/reactprofiler/src/component/BaseComponent/Index.js","statementMap":{"0":{"start":{"line":2,"column":35},"end":{"line":4,"column":1}},"1":{"start":{"line":3,"column":4},"end":{"line":3,"column":92}},"2":{"start":{"line":6,"column":29},"end":{"line":20,"column":1}},"3":{"start":{"line":7,"column":42},"end":{"line":7,"column":63}},"4":{"start":{"line":8,"column":4},"end":{"line":19,"column":5}},"5":{"start":{"line":14,"column":31},"end":{"line":14,"column":63}}},"fnMap":{"0":{"name":"(anonymous_0)","decl":{"start":{"line":2,"column":35},"end":{"line":2,"column":36}},"loc":{"start":{"line":2,"column":41},"end":{"line":4,"column":1}},"line":2},"1":{"name":"(anonymous_1)","decl":{"start":{"line":6,"column":29},"end":{"line":6,"column":30}},"loc":{"start":{"line":6,"column":45},"end":{"line":20,"column":1}},"line":6},"2":{"name":"(anonymous_2)","decl":{"start":{"line":14,"column":26},"end":{"line":14,"column":27}},"loc":{"start":{"line":14,"column":31},"end":{"line":14,"column":63}},"line":14}},"branchMap":{"0":{"loc":{"start":{"line":17,"column":13},"end":{"line":17,"column":42}},"type":"cond-expr","locations":[{"start":{"line":17,"column":27},"end":{"line":17,"column":35}},{"start":{"line":17,"column":38},"end":{"line":17,"column":42}}],"line":17}},"s":{"0":1,"1":4,"2":1,"3":2,"4":2,"5":1},"f":{"0":4,"1":2,"2":1},"b":{"0":[1,1]},"_coverageSchema":"43e27e138ebf9cfc5966b082cf9a028302ed4184","hash":"74d7399c1efbb2d826b8aef10722fea82c68e78b"}
,"/Users/budi.injo/Documents/work/TL/github/reactprofiler/src/component/Login/index.js": {"path":"/Users/budi.injo/Documents/work/TL/github/reactprofiler/src/component/Login/index.js","statementMap":{"0":{"start":{"line":5,"column":30},"end":{"line":9,"column":6}},"1":{"start":{"line":5,"column":58},"end":{"line":5,"column":70}},"2":{"start":{"line":12,"column":8},"end":{"line":12,"column":30}},"3":{"start":{"line":13,"column":47},"end":{"line":13,"column":68}},"4":{"start":{"line":15,"column":8},"end":{"line":15,"column":63}},"5":{"start":{"line":17,"column":8},"end":{"line":35,"column":13}},"6":{"start":{"line":26,"column":23},"end":{"line":26,"column":31}},"7":{"start":{"line":29,"column":20},"end":{"line":29,"column":75}},"8":{"start":{"line":30,"column":20},"end":{"line":30,"column":68}},"9":{"start":{"line":33,"column":20},"end":{"line":33,"column":85}},"10":{"start":{"line":38,"column":4},"end":{"line":56,"column":5}}},"fnMap":{"0":{"name":"Login","decl":{"start":{"line":4,"column":9},"end":{"line":4,"column":14}},"loc":{"start":{"line":4,"column":17},"end":{"line":57,"column":1}},"line":4},"1":{"name":"(anonymous_1)","decl":{"start":{"line":5,"column":47},"end":{"line":5,"column":48}},"loc":{"start":{"line":5,"column":58},"end":{"line":5,"column":70}},"line":5},"2":{"name":"handleSubmit","decl":{"start":{"line":11,"column":13},"end":{"line":11,"column":25}},"loc":{"start":{"line":11,"column":33},"end":{"line":36,"column":5}},"line":11},"3":{"name":"(anonymous_3)","decl":{"start":{"line":26,"column":18},"end":{"line":26,"column":19}},"loc":{"start":{"line":26,"column":23},"end":{"line":26,"column":31}},"line":26},"4":{"name":"(anonymous_4)","decl":{"start":{"line":28,"column":16},"end":{"line":28,"column":17}},"loc":{"start":{"line":28,"column":24},"end":{"line":31,"column":17}},"line":28},"5":{"name":"(anonymous_5)","decl":{"start":{"line":32,"column":16},"end":{"line":32,"column":17}},"loc":{"start":{"line":32,"column":25},"end":{"line":34,"column":17}},"line":32}},"branchMap":{"0":{"loc":{"start":{"line":49,"column":45},"end":{"line":49,"column":73}},"type":"cond-expr","locations":[{"start":{"line":49,"column":61},"end":{"line":49,"column":66}},{"start":{"line":49,"column":69},"end":{"line":49,"column":73}}],"line":49},"1":{"loc":{"start":{"line":51,"column":13},"end":{"line":51,"column":71}},"type":"cond-expr","locations":[{"start":{"line":51,"column":27},"end":{"line":51,"column":64}},{"start":{"line":51,"column":67},"end":{"line":51,"column":71}}],"line":51},"2":{"loc":{"start":{"line":52,"column":13},"end":{"line":54,"column":20}},"type":"cond-expr","locations":[{"start":{"line":53,"column":16},"end":{"line":53,"column":67}},{"start":{"line":54,"column":16},"end":{"line":54,"column":20}}],"line":52}},"s":{"0":3,"1":3,"2":1,"3":1,"4":1,"5":1,"6":1,"7":1,"8":1,"9":0,"10":3},"f":{"0":3,"1":3,"2":1,"3":1,"4":1,"5":0},"b":{"0":[1,2],"1":[0,3],"2":[1,2]},"_coverageSchema":"43e27e138ebf9cfc5966b082cf9a028302ed4184","hash":"4ba151afa07a876f8238e59cb1580ec98af8110b"}
,"/Users/budi.injo/Documents/work/TL/github/reactprofiler/src/utils/api.js": {"path":"/Users/budi.injo/Documents/work/TL/github/reactprofiler/src/utils/api.js","statementMap":{"0":{"start":{"line":1,"column":26},"end":{"line":5,"column":1}},"1":{"start":{"line":2,"column":17},"end":{"line":2,"column":43}},"2":{"start":{"line":3,"column":17},"end":{"line":3,"column":34}},"3":{"start":{"line":4,"column":4},"end":{"line":4,"column":16}}},"fnMap":{"0":{"name":"(anonymous_0)","decl":{"start":{"line":1,"column":26},"end":{"line":1,"column":27}},"loc":{"start":{"line":1,"column":38},"end":{"line":5,"column":1}},"line":1}},"branchMap":{},"s":{"0":2,"1":3,"2":3,"3":3},"f":{"0":3},"b":{},"_coverageSchema":"43e27e138ebf9cfc5966b082cf9a028302ed4184","hash":"4c19b5ae19c1bc948738332bf3df4fc37c1f7747"}
,"/Users/budi.injo/Documents/work/TL/github/reactprofiler/src/utils/jestUtils.js": {"path":"/Users/budi.injo/Documents/work/TL/github/reactprofiler/src/utils/jestUtils.js","statementMap":{"0":{"start":{"line":1,"column":38},"end":{"line":3,"column":1}},"1":{"start":{"line":2,"column":4},"end":{"line":2,"column":41}},"2":{"start":{"line":5,"column":33},"end":{"line":7,"column":1}},"3":{"start":{"line":6,"column":4},"end":{"line":6,"column":36}},"4":{"start":{"line":9,"column":22},"end":{"line":9,"column":40}},"5":{"start":{"line":9,"column":36},"end":{"line":9,"column":40}},"6":{"start":{"line":12,"column":38},"end":{"line":12,"column":81}},"7":{"start":{"line":12,"column":44},"end":{"line":12,"column":81}},"8":{"start":{"line":14,"column":35},"end":{"line":17,"column":1}},"9":{"start":{"line":15,"column":4},"end":{"line":15,"column":65}},"10":{"start":{"line":16,"column":4},"end":{"line":16,"column":16}}},"fnMap":{"0":{"name":"(anonymous_0)","decl":{"start":{"line":1,"column":38},"end":{"line":1,"column":39}},"loc":{"start":{"line":1,"column":43},"end":{"line":3,"column":1}},"line":1},"1":{"name":"(anonymous_1)","decl":{"start":{"line":5,"column":33},"end":{"line":5,"column":34}},"loc":{"start":{"line":5,"column":39},"end":{"line":7,"column":1}},"line":5},"2":{"name":"(anonymous_2)","decl":{"start":{"line":9,"column":22},"end":{"line":9,"column":23}},"loc":{"start":{"line":9,"column":36},"end":{"line":9,"column":40}},"line":9},"3":{"name":"(anonymous_3)","decl":{"start":{"line":12,"column":38},"end":{"line":12,"column":39}},"loc":{"start":{"line":12,"column":44},"end":{"line":12,"column":81}},"line":12},"4":{"name":"(anonymous_4)","decl":{"start":{"line":14,"column":35},"end":{"line":14,"column":36}},"loc":{"start":{"line":14,"column":51},"end":{"line":17,"column":1}},"line":14}},"branchMap":{},"s":{"0":3,"1":7,"2":3,"3":3,"4":3,"5":6,"6":3,"7":2,"8":3,"9":2,"10":2},"f":{"0":7,"1":3,"2":6,"3":2,"4":2},"b":{},"_coverageSchema":"43e27e138ebf9cfc5966b082cf9a028302ed4184","hash":"9cd833fda9ec65a00b0e16a7ecae1b6de06c7c73"}
}
