TN:
SF:/Users/budi.injo/Documents/work/TL/github/reactprofiler/src/App.js
FN:9,App
FN:12,(anonymous_1)
FN:17,(anonymous_2)
FN:24,(anonymous_3)
FN:30,(anonymous_4)
FN:45,(anonymous_5)
FN:53,(anonymous_6)
FNF:7
FNH:7
FNDA:2,App
FNDA:1,(anonymous_1)
FNDA:2,(anonymous_2)
FNDA:17,(anonymous_3)
FNDA:17,(anonymous_4)
FNDA:2,(anonymous_5)
FNDA:2,(anonymous_6)
DA:10,2
DA:12,2
DA:13,1
DA:14,1
DA:17,2
DA:18,2
DA:19,1
DA:21,1
DA:24,2
DA:27,17
DA:28,17
DA:29,17
DA:31,17
DA:32,17
DA:35,17
DA:45,2
DA:46,2
DA:54,2
DA:71,2
LF:19
LH:19
BRDA:18,0,0,1
BRDA:18,0,1,1
BRDA:28,1,0,17
BRDA:28,1,1,0
BRDA:29,2,0,17
BRDA:29,2,1,0
BRDA:37,3,0,8
BRDA:37,3,1,9
BRDA:50,4,0,2
BRDA:50,4,1,1
BRF:10
BRH:8
end_of_record
TN:
SF:/Users/budi.injo/Documents/work/TL/github/reactprofiler/src/index.js
FNF:0
FNH:0
DA:8,0
DA:16,0
LF:2
LH:0
BRF:0
BRH:0
end_of_record
TN:
SF:/Users/budi.injo/Documents/work/TL/github/reactprofiler/src/serviceWorker.js
FN:23,register
FN:34,(anonymous_1)
FN:43,(anonymous_2)
FN:57,registerValidSW
FN:60,(anonymous_4)
FN:61,(anonymous_5)
FN:66,(anonymous_6)
FN:96,(anonymous_7)
FN:101,checkValidServiceWorker
FN:106,(anonymous_9)
FN:114,(anonymous_10)
FN:115,(anonymous_11)
FN:124,(anonymous_12)
FN:131,unregister
FN:134,(anonymous_14)
FN:137,(anonymous_15)
FNF:16
FNH:0
FNDA:0,register
FNDA:0,(anonymous_1)
FNDA:0,(anonymous_2)
FNDA:0,registerValidSW
FNDA:0,(anonymous_4)
FNDA:0,(anonymous_5)
FNDA:0,(anonymous_6)
FNDA:0,(anonymous_7)
FNDA:0,checkValidServiceWorker
FNDA:0,(anonymous_9)
FNDA:0,(anonymous_10)
FNDA:0,(anonymous_11)
FNDA:0,(anonymous_12)
FNDA:0,unregister
FNDA:0,(anonymous_14)
FNDA:0,(anonymous_15)
DA:13,0
DA:24,0
DA:26,0
DA:27,0
DA:31,0
DA:34,0
DA:35,0
DA:37,0
DA:39,0
DA:43,0
DA:44,0
DA:51,0
DA:58,0
DA:61,0
DA:62,0
DA:63,0
DA:64,0
DA:66,0
DA:67,0
DA:68,0
DA:72,0
DA:78,0
DA:79,0
DA:85,0
DA:88,0
DA:89,0
DA:97,0
DA:103,0
DA:108,0
DA:109,0
DA:114,0
DA:115,0
DA:116,0
DA:121,0
DA:125,0
DA:132,0
DA:133,0
DA:135,0
DA:138,0
LF:39
LH:0
BRDA:14,0,0,0
BRDA:14,0,1,0
BRDA:14,0,2,0
BRDA:24,1,0,0
BRDA:24,1,1,0
BRDA:24,2,0,0
BRDA:24,2,1,0
BRDA:27,3,0,0
BRDA:27,3,1,0
BRDA:37,4,0,0
BRDA:37,4,1,0
BRDA:63,5,0,0
BRDA:63,5,1,0
BRDA:67,6,0,0
BRDA:67,6,1,0
BRDA:68,7,0,0
BRDA:68,7,1,0
BRDA:78,8,0,0
BRDA:78,8,1,0
BRDA:78,9,0,0
BRDA:78,9,1,0
BRDA:88,10,0,0
BRDA:88,10,1,0
BRDA:88,11,0,0
BRDA:88,11,1,0
BRDA:109,12,0,0
BRDA:109,12,1,0
BRDA:110,13,0,0
BRDA:110,13,1,0
BRDA:110,13,2,0
BRDA:132,14,0,0
BRDA:132,14,1,0
BRF:32
BRH:0
end_of_record
TN:
SF:/Users/budi.injo/Documents/work/TL/github/reactprofiler/src/component/BaseComponent/Index.js
FN:2,(anonymous_0)
FN:6,(anonymous_1)
FN:14,(anonymous_2)
FNF:3
FNH:3
FNDA:4,(anonymous_0)
FNDA:2,(anonymous_1)
FNDA:1,(anonymous_2)
DA:2,1
DA:3,4
DA:6,1
DA:7,2
DA:8,2
DA:14,1
LF:6
LH:6
BRDA:17,0,0,1
BRDA:17,0,1,1
BRF:2
BRH:2
end_of_record
TN:
SF:/Users/budi.injo/Documents/work/TL/github/reactprofiler/src/component/Login/index.js
FN:4,Login
FN:5,(anonymous_1)
FN:11,handleSubmit
FN:26,(anonymous_3)
FN:28,(anonymous_4)
FN:32,(anonymous_5)
FNF:6
FNH:5
FNDA:3,Login
FNDA:3,(anonymous_1)
FNDA:1,handleSubmit
FNDA:1,(anonymous_3)
FNDA:1,(anonymous_4)
FNDA:0,(anonymous_5)
DA:5,3
DA:12,1
DA:13,1
DA:15,1
DA:17,1
DA:26,1
DA:29,1
DA:30,1
DA:33,0
DA:38,3
LF:10
LH:9
BRDA:49,0,0,1
BRDA:49,0,1,2
BRDA:51,1,0,0
BRDA:51,1,1,3
BRDA:52,2,0,1
BRDA:52,2,1,2
BRF:6
BRH:5
end_of_record
TN:
SF:/Users/budi.injo/Documents/work/TL/github/reactprofiler/src/component/ManualMock/FileSummarizer.js
FN:6,summarizeFilesInDirectorySync
FN:7,(anonymous_1)
FNF:2
FNH:2
FNDA:1,summarizeFilesInDirectorySync
FNDA:2,(anonymous_1)
DA:4,1
DA:7,2
DA:13,1
LF:3
LH:3
BRF:0
BRH:0
end_of_record
TN:
SF:/Users/budi.injo/Documents/work/TL/github/reactprofiler/src/component/TimerMock/infiniteTimerGame.js
FN:4,infiniteTimerGame
FN:7,(anonymous_1)
FN:12,(anonymous_2)
FNF:3
FNH:2
FNDA:1,infiniteTimerGame
FNDA:1,(anonymous_1)
FNDA:0,(anonymous_2)
DA:5,1
DA:7,1
DA:8,1
DA:9,1
DA:12,1
DA:13,0
DA:18,1
LF:7
LH:6
BRDA:9,0,0,1
BRDA:9,0,1,1
BRF:2
BRH:2
end_of_record
TN:
SF:/Users/budi.injo/Documents/work/TL/github/reactprofiler/src/component/TimerMock/timerGame.js
FN:3,timerGame
FN:5,(anonymous_1)
FNF:2
FNH:2
FNDA:3,timerGame
FNDA:3,(anonymous_1)
DA:4,3
DA:5,3
DA:6,3
DA:7,3
DA:11,1
LF:5
LH:5
BRDA:7,0,0,3
BRDA:7,0,1,2
BRF:2
BRH:2
end_of_record
TN:
SF:/Users/budi.injo/Documents/work/TL/github/reactprofiler/src/utils/TestUtils.js
FN:10,render
FN:27,(anonymous_1)
FNF:2
FNH:2
FNDA:11,render
FNDA:46,(anonymous_1)
DA:11,11
DA:12,10
DA:15,10
DA:17,10
DA:20,11
DA:27,1
DA:28,46
DA:29,10
DA:31,10
DA:33,10
LF:10
LH:10
BRDA:11,0,0,10
BRDA:11,0,1,1
BRDA:28,1,0,10
BRDA:28,1,1,36
BRF:4
BRH:4
end_of_record
TN:
SF:/Users/budi.injo/Documents/work/TL/github/reactprofiler/src/utils/api.js
FN:1,(anonymous_0)
FNF:1
FNH:1
FNDA:3,(anonymous_0)
DA:1,2
DA:2,3
DA:3,3
DA:4,3
LF:4
LH:4
BRF:0
BRH:0
end_of_record
TN:
SF:/Users/budi.injo/Documents/work/TL/github/reactprofiler/src/utils/jestUtils.js
FN:1,(anonymous_0)
FN:5,(anonymous_1)
FN:9,(anonymous_2)
FN:12,(anonymous_3)
FN:14,(anonymous_4)
FNF:5
FNH:5
FNDA:7,(anonymous_0)
FNDA:3,(anonymous_1)
FNDA:6,(anonymous_2)
FNDA:2,(anonymous_3)
FNDA:2,(anonymous_4)
DA:1,3
DA:2,7
DA:5,3
DA:6,3
DA:9,6
DA:12,3
DA:14,3
DA:15,2
DA:16,2
LF:9
LH:9
BRF:0
BRH:0
end_of_record
